PCAD Importer Log
Project : TCRT5000L.LibPkg

Section : D:\Github\Altium-Workspace\Lib\Thesis\TCRT5000L\TCRT5000L.lia
    Section : PCB Library - TCRT5000L.PcbLib
        Section : Load Messages
            Warning - 1 : Skipping Token TCRT5000L On Line 147
            Warning - 1 : Skipping Token attachedSymbol On Line 245
        EndSection

        Section : Import Messages
        EndSection
    EndSection

    Section : SCH Library - TCRT5000L.SchLib
        Section : Parsing Messages
            Warning - 1 : Skipping Token padStyleDef On Line 9
            Warning - 1 : Skipping Token padStyleDef On Line 21
            Warning - 1 : Skipping Token padStyleDef On Line 33
            Warning - 1 : Skipping Token padStyleDef On Line 44
            Warning - 1 : Skipping Token multiLayer On Line 118
            Warning - 1 : Skipping Token layerContents On Line 127
            Warning - 1 : Skipping Token layerContents On Line 135
        EndSection

        Section : Generating SCH Library - TCRT5000L.SchLib
        EndSection
    EndSection
EndSection
