Importer Log Report
Project : SparkFun_HX711_Load_Cell_v11.PrjPcb

Section : Analyze Document - D:\Users\Samuel\Downloads\SparkFun_HX711_Load_Cell_v11\SparkFun_HX711_Load_Cell_v11.brd
    Analyzing data of D:\Users\Samuel\Downloads\SparkFun_HX711_Load_Cell_v11\SparkFun_HX711_Load_Cell_v11.brd
    Load settings
    Load layers 143
    Load Library "SparkFun-Connectors"
    Load Packages 2
    Load Library "SparkFun-Aesthetics"
    Load Packages 6
    Load Library "SparkFun-Capacitors"
    Load Packages 2
    Load Library "SparkFun-Resistors"
    Load Packages 1
    Load Library "SparkFun-Electromechanical"
    Load Packages 1
    Load Library "SparkFun-DiscreteSemi"
    Load Packages 1
    Load Library "SparkFun-Passives"
    Load Packages 2
    Load Library "Testing"
    Load Packages 1
    ERROR: Unhandled typeerrors
EndSection
